2018/08/31-14:18 [main] INFO  com.wulian.WulianApiTestApplication- Starting WulianApiTestApplication on DESKTOP-G6NH8CR with PID 13728 (G:\wulianDemo-master\wulianDemo-master\target\classes started by 程序猿 in G:\wulianDemo-master)
2018/08/31-14:18 [main] INFO  com.wulian.WulianApiTestApplication- No active profile set, falling back to default profiles: default
2018/08/31-14:18 [main] INFO  org.springframework.boot.context.embedded.AnnotationConfigEmbeddedWebApplicationContext- Refreshing org.springframework.boot.context.embedded.AnnotationConfigEmbeddedWebApplicationContext@459e9125: startup date [Fri Aug 31 14:18:44 CST 2018]; root of context hierarchy
2018/08/31-14:18 [main] INFO  org.springframework.context.support.PostProcessorRegistrationDelegate$BeanPostProcessorChecker- Bean 'org.springframework.transaction.annotation.ProxyTransactionManagementConfiguration' of type [org.springframework.transaction.annotation.ProxyTransactionManagementConfiguration$$EnhancerBySpringCGLIB$$b1710394] is not eligible for getting processed by all BeanPostProcessors (for example: not eligible for auto-proxying)
2018/08/31-14:18 [main] INFO  org.springframework.boot.context.embedded.tomcat.TomcatEmbeddedServletContainer- Tomcat initialized with port(s): 8080 (http)
2018/08/31-14:18 [main] INFO  org.apache.catalina.core.StandardService- Starting service [Tomcat]
2018/08/31-14:18 [main] INFO  org.apache.catalina.core.StandardEngine- Starting Servlet Engine: Apache Tomcat/8.5.31
2018/08/31-14:18 [localhost-startStop-1] INFO  org.apache.jasper.servlet.TldScanner- At least one JAR was scanned for TLDs yet contained no TLDs. Enable debug logging for this logger for a complete list of JARs that were scanned but no TLDs were found in them. Skipping unneeded JARs during scanning can improve startup time and JSP compilation time.
2018/08/31-14:18 [localhost-startStop-1] INFO  org.apache.catalina.core.ContainerBase.[Tomcat].[localhost].[/]- Initializing Spring embedded WebApplicationContext
2018/08/31-14:18 [localhost-startStop-1] INFO  org.springframework.web.context.ContextLoader- Root WebApplicationContext: initialization completed in 2837 ms
2018/08/31-14:18 [localhost-startStop-1] INFO  org.springframework.boot.web.servlet.ServletRegistrationBean- Mapping servlet: 'dispatcherServlet' to [/]
2018/08/31-14:18 [localhost-startStop-1] INFO  org.springframework.boot.web.servlet.ServletRegistrationBean- Mapping servlet: 'statViewServlet' to [/druid/*]
2018/08/31-14:18 [localhost-startStop-1] INFO  org.springframework.boot.web.servlet.ServletRegistrationBean- Mapping servlet: 'mqttsClientSubMain' to [/]
2018/08/31-14:18 [localhost-startStop-1] INFO  org.springframework.boot.web.servlet.FilterRegistrationBean- Mapping filter: 'characterEncodingFilter' to: [/*]
2018/08/31-14:18 [localhost-startStop-1] INFO  org.springframework.boot.web.servlet.FilterRegistrationBean- Mapping filter: 'hiddenHttpMethodFilter' to: [/*]
2018/08/31-14:18 [localhost-startStop-1] INFO  org.springframework.boot.web.servlet.FilterRegistrationBean- Mapping filter: 'httpPutFormContentFilter' to: [/*]
2018/08/31-14:18 [localhost-startStop-1] INFO  org.springframework.boot.web.servlet.FilterRegistrationBean- Mapping filter: 'requestContextFilter' to: [/*]
2018/08/31-14:18 [localhost-startStop-1] INFO  org.springframework.boot.web.servlet.FilterRegistrationBean- Mapping filter: 'webStatFilter' to urls: [/*]
2018/08/31-14:18 [main] INFO  org.springframework.web.servlet.mvc.method.annotation.RequestMappingHandlerMapping- Mapped "{[/web/gateway/updateGatewayPwdByGwId],methods=[POST]}" onto public com.wulian.common.response.Response<java.lang.Integer> com.wulian.business.gateway.rest.GatewayController.updatePasswordByGwId(java.util.Map)
2018/08/31-14:18 [main] INFO  org.springframework.web.servlet.mvc.method.annotation.RequestMappingHandlerMapping- Mapped "{[/web/gateway/getGatewaysForPage],methods=[POST]}" onto public com.wulian.common.response.Response<com.wulian.common.page.Page<com.wulian.business.gateway.model.Gateway>> com.wulian.business.gateway.rest.GatewayController.getGatewaysForPage(com.wulian.business.gateway.model.Gateway,int,int)
2018/08/31-14:18 [main] INFO  org.springframework.web.servlet.mvc.method.annotation.RequestMappingHandlerMapping- Mapped "{[/web/gateway/deleteGatewayById],methods=[GET]}" onto public com.wulian.common.response.Response<java.lang.Integer> com.wulian.business.gateway.rest.GatewayController.deleteGatewayById(java.lang.String)
2018/08/31-14:18 [main] INFO  org.springframework.web.servlet.mvc.method.annotation.RequestMappingHandlerMapping- Mapped "{[/web/gateway/updateGatewayById],methods=[POST]}" onto public com.wulian.common.response.Response<java.lang.Integer> com.wulian.business.gateway.rest.GatewayController.updateGatewayById(com.wulian.business.gateway.model.Gateway)
2018/08/31-14:18 [main] INFO  org.springframework.web.servlet.mvc.method.annotation.RequestMappingHandlerMapping- Mapped "{[/web/gateway/updateGwNameByGwId],methods=[POST]}" onto public com.wulian.common.response.Response<java.lang.Integer> com.wulian.business.gateway.rest.GatewayController.updateGwNameByGwId(com.wulian.business.gateway.model.Gateway)
2018/08/31-14:18 [main] INFO  org.springframework.web.servlet.mvc.method.annotation.RequestMappingHandlerMapping- Mapped "{[/web/gateway/insertGateway],methods=[POST]}" onto public com.wulian.common.response.Response<java.lang.Integer> com.wulian.business.gateway.rest.GatewayController.insertGateway(com.wulian.business.gateway.model.Gateway)
2018/08/31-14:18 [main] INFO  org.springframework.web.servlet.mvc.method.annotation.RequestMappingHandlerMapping- Mapped "{[/web/gateway/getGatewayById],methods=[GET]}" onto public com.wulian.common.response.Response<com.wulian.business.gateway.model.Gateway> com.wulian.business.gateway.rest.GatewayController.getGatewayById(java.lang.String)
2018/08/31-14:18 [main] INFO  org.springframework.web.servlet.mvc.method.annotation.RequestMappingHandlerMapping- Mapped "{[/web/gateway/getGateways],methods=[POST]}" onto public com.wulian.common.response.Response<java.util.List<com.wulian.business.gateway.model.Gateway>> com.wulian.business.gateway.rest.GatewayController.getGateways(com.wulian.business.gateway.model.Gateway)
2018/08/31-14:18 [main] INFO  org.springframework.web.servlet.mvc.method.annotation.RequestMappingHandlerMapping- Mapped "{[/test]}" onto public java.lang.String com.wulian.business.websocket.WebTest.test()
2018/08/31-14:18 [main] INFO  org.springframework.web.servlet.mvc.method.annotation.RequestMappingHandlerMapping- Mapped "{[/v2/api-docs],methods=[GET],produces=[application/json || application/hal+json]}" onto public org.springframework.http.ResponseEntity<springfox.documentation.spring.web.json.Json> springfox.documentation.swagger2.web.Swagger2Controller.getDocumentation(java.lang.String,javax.servlet.http.HttpServletRequest)
2018/08/31-14:18 [main] INFO  org.springframework.web.servlet.mvc.method.annotation.RequestMappingHandlerMapping- Mapped "{[/swagger-resources]}" onto org.springframework.http.ResponseEntity<java.util.List<springfox.documentation.swagger.web.SwaggerResource>> springfox.documentation.swagger.web.ApiResourceController.swaggerResources()
2018/08/31-14:18 [main] INFO  org.springframework.web.servlet.mvc.method.annotation.RequestMappingHandlerMapping- Mapped "{[/configuration/ui]}" onto org.springframework.http.ResponseEntity<springfox.documentation.swagger.web.UiConfiguration> springfox.documentation.swagger.web.ApiResourceController.uiConfiguration()
2018/08/31-14:18 [main] INFO  org.springframework.web.servlet.mvc.method.annotation.RequestMappingHandlerMapping- Mapped "{[/configuration/security]}" onto org.springframework.http.ResponseEntity<springfox.documentation.swagger.web.SecurityConfiguration> springfox.documentation.swagger.web.ApiResourceController.securityConfiguration()
2018/08/31-14:18 [main] INFO  org.springframework.web.servlet.mvc.method.annotation.RequestMappingHandlerMapping- Mapped "{[/error]}" onto public org.springframework.http.ResponseEntity<java.util.Map<java.lang.String, java.lang.Object>> org.springframework.boot.autoconfigure.web.BasicErrorController.error(javax.servlet.http.HttpServletRequest)
2018/08/31-14:18 [main] INFO  org.springframework.web.servlet.mvc.method.annotation.RequestMappingHandlerMapping- Mapped "{[/error],produces=[text/html]}" onto public org.springframework.web.servlet.ModelAndView org.springframework.boot.autoconfigure.web.BasicErrorController.errorHtml(javax.servlet.http.HttpServletRequest,javax.servlet.http.HttpServletResponse)
2018/08/31-14:18 [main] INFO  org.springframework.web.servlet.mvc.method.annotation.RequestMappingHandlerAdapter- Looking for @ControllerAdvice: org.springframework.boot.context.embedded.AnnotationConfigEmbeddedWebApplicationContext@459e9125: startup date [Fri Aug 31 14:18:44 CST 2018]; root of context hierarchy
2018/08/31-14:18 [main] INFO  org.springframework.web.servlet.handler.SimpleUrlHandlerMapping- Mapped URL path [/webjars/**] onto handler of type [class org.springframework.web.servlet.resource.ResourceHttpRequestHandler]
2018/08/31-14:18 [main] INFO  org.springframework.web.servlet.handler.SimpleUrlHandlerMapping- Mapped URL path [/**] onto handler of type [class org.springframework.web.servlet.resource.ResourceHttpRequestHandler]
2018/08/31-14:18 [main] INFO  org.springframework.web.servlet.mvc.method.annotation.ExceptionHandlerExceptionResolver- Detected @ExceptionHandler methods in globalExceptionHandler
2018/08/31-14:18 [main] INFO  org.springframework.web.servlet.handler.SimpleUrlHandlerMapping- Mapped URL path [/**/favicon.ico] onto handler of type [class org.springframework.web.servlet.resource.ResourceHttpRequestHandler]
2018/08/31-14:18 [main] INFO  org.springframework.web.socket.server.standard.ServerEndpointExporter- Registering @ServerEndpoint class: class com.wulian.business.websocket.WebSocketServer
2018/08/31-14:18 [main] INFO  org.springframework.jmx.export.annotation.AnnotationMBeanExporter- Registering beans for JMX exposure on startup
2018/08/31-14:18 [main] INFO  org.springframework.jmx.export.annotation.AnnotationMBeanExporter- Bean with name 'dataSource' has been autodetected for JMX exposure
2018/08/31-14:18 [main] INFO  org.springframework.jmx.export.annotation.AnnotationMBeanExporter- Located MBean 'dataSource': registering with JMX server as MBean [com.alibaba.druid.pool:name=dataSource,type=DruidDataSource]
2018/08/31-14:18 [main] INFO  springfox.documentation.spring.web.plugins.DocumentationPluginsBootstrapper- Context refreshed
2018/08/31-14:18 [main] INFO  springfox.documentation.spring.web.plugins.DocumentationPluginsBootstrapper- Found 1 custom documentation plugin(s)
2018/08/31-14:18 [main] INFO  springfox.documentation.spring.web.scanners.ApiListingReferenceScanner- Scanning for api listing references
2018/08/31-14:18 [main] INFO  org.springframework.boot.context.embedded.tomcat.TomcatEmbeddedServletContainer- Tomcat started on port(s): 8080 (http)
